
*** Running vivado
    with args -log bram_16x8.vds -m64 -product Vivado -mode batch -messageDb vivado.pb -notrace -source bram_16x8.tcl


****** Vivado v2017.1 (64-bit)
  **** SW Build 1846317 on Fri Apr 14 18:54:47 MDT 2017
  **** IP Build 1846188 on Fri Apr 14 20:52:08 MDT 2017
    ** Copyright 1986-2017 Xilinx, Inc. All Rights Reserved.

source bram_16x8.tcl -notrace
Starting RTL Elaboration : Time (s): cpu = 00:00:06 ; elapsed = 00:00:07 . Memory (MB): peak = 1183.180 ; gain = 70.004 ; free physical = 1243 ; free virtual = 12569
INFO: [Synth 8-638] synthesizing module 'bram_16x8' [/cime-fmr/rollandl-fmr/xilinx/zedboard/emiss_recep_rs232_bram/vivado/project_2.srcs/sources_1/ip/bram_16x8/synth/bram_16x8.vhd:71]
INFO: [Synth 8-256] done synthesizing module 'bram_16x8' (9#1) [/cime-fmr/rollandl-fmr/xilinx/zedboard/emiss_recep_rs232_bram/vivado/project_2.srcs/sources_1/ip/bram_16x8/synth/bram_16x8.vhd:71]
Finished RTL Elaboration : Time (s): cpu = 00:00:59 ; elapsed = 00:01:01 . Memory (MB): peak = 1387.574 ; gain = 274.398 ; free physical = 1229 ; free virtual = 12556
Finished RTL Optimization Phase 1 : Time (s): cpu = 00:00:59 ; elapsed = 00:01:03 . Memory (MB): peak = 1387.574 ; gain = 274.398 ; free physical = 1234 ; free virtual = 12561
INFO: [Device 21-403] Loading part xc7z020clg484-1
Constraint Validation Runtime : Time (s): cpu = 00:00:00.01 ; elapsed = 00:00:00.12 . Memory (MB): peak = 1505.539 ; gain = 1.000 ; free physical = 952 ; free virtual = 12315
Finished Constraint Validation : Time (s): cpu = 00:01:13 ; elapsed = 00:01:22 . Memory (MB): peak = 1505.539 ; gain = 392.363 ; free physical = 1032 ; free virtual = 12395
Finished Loading Part and Timing Information : Time (s): cpu = 00:01:13 ; elapsed = 00:01:23 . Memory (MB): peak = 1505.539 ; gain = 392.363 ; free physical = 1032 ; free virtual = 12395
Finished applying 'set_property' XDC Constraints : Time (s): cpu = 00:01:13 ; elapsed = 00:01:23 . Memory (MB): peak = 1505.539 ; gain = 392.363 ; free physical = 1034 ; free virtual = 12396
Finished RTL Optimization Phase 2 : Time (s): cpu = 00:01:13 ; elapsed = 00:01:23 . Memory (MB): peak = 1505.539 ; gain = 392.363 ; free physical = 1026 ; free virtual = 12389
Finished Cross Boundary and Area Optimization : Time (s): cpu = 00:01:13 ; elapsed = 00:01:23 . Memory (MB): peak = 1505.539 ; gain = 392.363 ; free physical = 1028 ; free virtual = 12390
Finished Applying XDC Timing Constraints : Time (s): cpu = 00:01:22 ; elapsed = 00:01:33 . Memory (MB): peak = 1541.539 ; gain = 428.363 ; free physical = 892 ; free virtual = 12262
Finished Timing Optimization : Time (s): cpu = 00:01:22 ; elapsed = 00:01:33 . Memory (MB): peak = 1541.539 ; gain = 428.363 ; free physical = 892 ; free virtual = 12262
Finished Technology Mapping : Time (s): cpu = 00:01:22 ; elapsed = 00:01:33 . Memory (MB): peak = 1550.555 ; gain = 437.379 ; free physical = 892 ; free virtual = 12262
Finished IO Insertion : Time (s): cpu = 00:01:23 ; elapsed = 00:01:33 . Memory (MB): peak = 1550.559 ; gain = 437.383 ; free physical = 892 ; free virtual = 12262
Finished Renaming Generated Instances : Time (s): cpu = 00:01:23 ; elapsed = 00:01:33 . Memory (MB): peak = 1550.559 ; gain = 437.383 ; free physical = 892 ; free virtual = 12262
Finished Rebuilding User Hierarchy : Time (s): cpu = 00:01:23 ; elapsed = 00:01:33 . Memory (MB): peak = 1550.559 ; gain = 437.383 ; free physical = 892 ; free virtual = 12262
Finished Renaming Generated Ports : Time (s): cpu = 00:01:23 ; elapsed = 00:01:33 . Memory (MB): peak = 1550.559 ; gain = 437.383 ; free physical = 892 ; free virtual = 12262
Finished Handling Custom Attributes : Time (s): cpu = 00:01:23 ; elapsed = 00:01:33 . Memory (MB): peak = 1550.559 ; gain = 437.383 ; free physical = 892 ; free virtual = 12262
Finished Renaming Generated Nets : Time (s): cpu = 00:01:23 ; elapsed = 00:01:33 . Memory (MB): peak = 1550.559 ; gain = 437.383 ; free physical = 892 ; free virtual = 12262

Report Cell Usage: 
+------+---------+------+
|      |Cell     |Count |
+------+---------+------+
|1     |RAMB18E1 |     1|
+------+---------+------+
Finished Writing Synthesis Report : Time (s): cpu = 00:01:23 ; elapsed = 00:01:33 . Memory (MB): peak = 1550.559 ; gain = 437.383 ; free physical = 892 ; free virtual = 12262
synth_design: Time (s): cpu = 00:01:24 ; elapsed = 00:01:35 . Memory (MB): peak = 1556.555 ; gain = 455.961 ; free physical = 919 ; free virtual = 12289
