
*** Running vivado
    with args -log bram_16x8.vds -m64 -product Vivado -mode batch -messageDb vivado.pb -notrace -source bram_16x8.tcl


****** Vivado v2017.1 (64-bit)
  **** SW Build 1846317 on Fri Apr 14 18:54:47 MDT 2017
  **** IP Build 1846188 on Fri Apr 14 20:52:08 MDT 2017
    ** Copyright 1986-2017 Xilinx, Inc. All Rights Reserved.

source bram_16x8.tcl -notrace
Starting RTL Elaboration : Time (s): cpu = 00:00:03 ; elapsed = 00:00:04 . Memory (MB): peak = 1185.859 ; gain = 70.004 ; free physical = 1212 ; free virtual = 22929
INFO: [Synth 8-638] synthesizing module 'bram_16x8' [/cime-fmr/rollandl-fmr/xilinx/pynk/emiss_recep_rs232_bram/vivado/project_2.srcs/sources_1/ip/bram_16x8/synth/bram_16x8.vhd:72]
INFO: [Synth 8-256] done synthesizing module 'bram_16x8' (9#1) [/cime-fmr/rollandl-fmr/xilinx/pynk/emiss_recep_rs232_bram/vivado/project_2.srcs/sources_1/ip/bram_16x8/synth/bram_16x8.vhd:72]
Finished RTL Elaboration : Time (s): cpu = 00:00:40 ; elapsed = 00:00:41 . Memory (MB): peak = 1390.254 ; gain = 274.398 ; free physical = 1195 ; free virtual = 22912
Finished RTL Optimization Phase 1 : Time (s): cpu = 00:00:40 ; elapsed = 00:00:43 . Memory (MB): peak = 1390.254 ; gain = 274.398 ; free physical = 1200 ; free virtual = 22917
INFO: [Device 21-403] Loading part xc7z020clg484-1
Constraint Validation Runtime : Time (s): cpu = 00:00:00.03 ; elapsed = 00:00:00.10 . Memory (MB): peak = 1521.637 ; gain = 1.000 ; free physical = 958 ; free virtual = 22675
Finished Constraint Validation : Time (s): cpu = 00:00:48 ; elapsed = 00:00:53 . Memory (MB): peak = 1521.637 ; gain = 405.781 ; free physical = 1038 ; free virtual = 22755
Finished Loading Part and Timing Information : Time (s): cpu = 00:00:48 ; elapsed = 00:00:53 . Memory (MB): peak = 1521.637 ; gain = 405.781 ; free physical = 1038 ; free virtual = 22755
Finished applying 'set_property' XDC Constraints : Time (s): cpu = 00:00:48 ; elapsed = 00:00:53 . Memory (MB): peak = 1521.637 ; gain = 405.781 ; free physical = 1040 ; free virtual = 22757
Finished RTL Optimization Phase 2 : Time (s): cpu = 00:00:48 ; elapsed = 00:00:53 . Memory (MB): peak = 1521.637 ; gain = 405.781 ; free physical = 1031 ; free virtual = 22748
Finished Cross Boundary and Area Optimization : Time (s): cpu = 00:00:48 ; elapsed = 00:00:53 . Memory (MB): peak = 1521.637 ; gain = 405.781 ; free physical = 1032 ; free virtual = 22749
Finished Applying XDC Timing Constraints : Time (s): cpu = 00:00:53 ; elapsed = 00:00:58 . Memory (MB): peak = 1555.637 ; gain = 439.781 ; free physical = 904 ; free virtual = 22621
Finished Timing Optimization : Time (s): cpu = 00:00:53 ; elapsed = 00:00:58 . Memory (MB): peak = 1555.637 ; gain = 439.781 ; free physical = 904 ; free virtual = 22621
Finished Technology Mapping : Time (s): cpu = 00:00:53 ; elapsed = 00:00:58 . Memory (MB): peak = 1565.652 ; gain = 449.797 ; free physical = 903 ; free virtual = 22620
Finished IO Insertion : Time (s): cpu = 00:00:54 ; elapsed = 00:00:58 . Memory (MB): peak = 1565.656 ; gain = 449.801 ; free physical = 903 ; free virtual = 22620
Finished Renaming Generated Instances : Time (s): cpu = 00:00:54 ; elapsed = 00:00:58 . Memory (MB): peak = 1565.656 ; gain = 449.801 ; free physical = 903 ; free virtual = 22620
Finished Rebuilding User Hierarchy : Time (s): cpu = 00:00:54 ; elapsed = 00:00:58 . Memory (MB): peak = 1565.656 ; gain = 449.801 ; free physical = 903 ; free virtual = 22620
Finished Renaming Generated Ports : Time (s): cpu = 00:00:54 ; elapsed = 00:00:58 . Memory (MB): peak = 1565.656 ; gain = 449.801 ; free physical = 903 ; free virtual = 22620
Finished Handling Custom Attributes : Time (s): cpu = 00:00:54 ; elapsed = 00:00:58 . Memory (MB): peak = 1565.656 ; gain = 449.801 ; free physical = 903 ; free virtual = 22620
Finished Renaming Generated Nets : Time (s): cpu = 00:00:54 ; elapsed = 00:00:58 . Memory (MB): peak = 1565.656 ; gain = 449.801 ; free physical = 903 ; free virtual = 22620

Report Cell Usage: 
+------+---------+------+
|      |Cell     |Count |
+------+---------+------+
|1     |RAMB18E1 |     1|
+------+---------+------+
Finished Writing Synthesis Report : Time (s): cpu = 00:00:54 ; elapsed = 00:00:58 . Memory (MB): peak = 1565.656 ; gain = 449.801 ; free physical = 903 ; free virtual = 22620
synth_design: Time (s): cpu = 00:00:54 ; elapsed = 00:00:59 . Memory (MB): peak = 1570.656 ; gain = 467.383 ; free physical = 930 ; free virtual = 22647
