
*** Running vivado
    with args -log bram_16x8.vds -m64 -product Vivado -mode batch -messageDb vivado.pb -notrace -source bram_16x8.tcl


****** Vivado v2017.1 (64-bit)
  **** SW Build 1846317 on Fri Apr 14 18:54:47 MDT 2017
  **** IP Build 1846188 on Fri Apr 14 20:52:08 MDT 2017
    ** Copyright 1986-2017 Xilinx, Inc. All Rights Reserved.

source bram_16x8.tcl -notrace
Starting RTL Elaboration : Time (s): cpu = 00:00:03 ; elapsed = 00:00:03 . Memory (MB): peak = 1185.863 ; gain = 70.004 ; free physical = 3026 ; free virtual = 21924
INFO: [Synth 8-638] synthesizing module 'bram_16x8' [/cime-fmr/rollandl-fmr/xilinx/pynk/emiss_recep_rs232_bram/vivado/project_2.srcs/sources_1/ip/bram_16x8/synth/bram_16x8.vhd:72]
INFO: [Synth 8-256] done synthesizing module 'bram_16x8' (9#1) [/cime-fmr/rollandl-fmr/xilinx/pynk/emiss_recep_rs232_bram/vivado/project_2.srcs/sources_1/ip/bram_16x8/synth/bram_16x8.vhd:72]
Finished RTL Elaboration : Time (s): cpu = 00:00:40 ; elapsed = 00:00:41 . Memory (MB): peak = 1389.258 ; gain = 273.398 ; free physical = 3014 ; free virtual = 21912
Finished RTL Optimization Phase 1 : Time (s): cpu = 00:00:40 ; elapsed = 00:00:42 . Memory (MB): peak = 1389.258 ; gain = 273.398 ; free physical = 3019 ; free virtual = 21918
INFO: [Device 21-403] Loading part xc7z020clg484-1
Constraint Validation Runtime : Time (s): cpu = 00:00:00.02 ; elapsed = 00:00:00.10 . Memory (MB): peak = 1520.641 ; gain = 1.000 ; free physical = 2775 ; free virtual = 21673
Finished Constraint Validation : Time (s): cpu = 00:00:47 ; elapsed = 00:00:52 . Memory (MB): peak = 1520.641 ; gain = 404.781 ; free physical = 2853 ; free virtual = 21750
Finished Loading Part and Timing Information : Time (s): cpu = 00:00:47 ; elapsed = 00:00:52 . Memory (MB): peak = 1520.641 ; gain = 404.781 ; free physical = 2853 ; free virtual = 21750
Finished applying 'set_property' XDC Constraints : Time (s): cpu = 00:00:47 ; elapsed = 00:00:52 . Memory (MB): peak = 1520.641 ; gain = 404.781 ; free physical = 2853 ; free virtual = 21751
Finished RTL Optimization Phase 2 : Time (s): cpu = 00:00:48 ; elapsed = 00:00:52 . Memory (MB): peak = 1520.641 ; gain = 404.781 ; free physical = 2844 ; free virtual = 21741
Finished Cross Boundary and Area Optimization : Time (s): cpu = 00:00:48 ; elapsed = 00:00:52 . Memory (MB): peak = 1520.641 ; gain = 404.781 ; free physical = 2843 ; free virtual = 21741
Finished Applying XDC Timing Constraints : Time (s): cpu = 00:00:53 ; elapsed = 00:00:58 . Memory (MB): peak = 1555.641 ; gain = 439.781 ; free physical = 2559 ; free virtual = 21457
Finished Timing Optimization : Time (s): cpu = 00:00:53 ; elapsed = 00:00:58 . Memory (MB): peak = 1555.641 ; gain = 439.781 ; free physical = 2559 ; free virtual = 21457
Finished Technology Mapping : Time (s): cpu = 00:00:53 ; elapsed = 00:00:58 . Memory (MB): peak = 1564.656 ; gain = 448.797 ; free physical = 2559 ; free virtual = 21457
Finished IO Insertion : Time (s): cpu = 00:00:53 ; elapsed = 00:00:58 . Memory (MB): peak = 1564.660 ; gain = 448.801 ; free physical = 2558 ; free virtual = 21455
Finished Renaming Generated Instances : Time (s): cpu = 00:00:53 ; elapsed = 00:00:58 . Memory (MB): peak = 1564.660 ; gain = 448.801 ; free physical = 2558 ; free virtual = 21455
Finished Rebuilding User Hierarchy : Time (s): cpu = 00:00:53 ; elapsed = 00:00:58 . Memory (MB): peak = 1564.660 ; gain = 448.801 ; free physical = 2558 ; free virtual = 21455
Finished Renaming Generated Ports : Time (s): cpu = 00:00:53 ; elapsed = 00:00:58 . Memory (MB): peak = 1564.660 ; gain = 448.801 ; free physical = 2558 ; free virtual = 21455
Finished Handling Custom Attributes : Time (s): cpu = 00:00:53 ; elapsed = 00:00:58 . Memory (MB): peak = 1564.660 ; gain = 448.801 ; free physical = 2558 ; free virtual = 21455
Finished Renaming Generated Nets : Time (s): cpu = 00:00:53 ; elapsed = 00:00:58 . Memory (MB): peak = 1564.660 ; gain = 448.801 ; free physical = 2558 ; free virtual = 21455

Report Cell Usage: 
+------+---------+------+
|      |Cell     |Count |
+------+---------+------+
|1     |RAMB18E1 |     1|
+------+---------+------+
Finished Writing Synthesis Report : Time (s): cpu = 00:00:53 ; elapsed = 00:00:58 . Memory (MB): peak = 1564.660 ; gain = 448.801 ; free physical = 2558 ; free virtual = 21455
synth_design: Time (s): cpu = 00:00:54 ; elapsed = 00:00:59 . Memory (MB): peak = 1570.660 ; gain = 467.383 ; free physical = 2592 ; free virtual = 21490
