
*** Running vivado
    with args -log bram_16x8.vds -m64 -product Vivado -mode batch -messageDb vivado.pb -notrace -source bram_16x8.tcl


****** Vivado v2017.1 (64-bit)
  **** SW Build 1846317 on Fri Apr 14 18:54:47 MDT 2017
  **** IP Build 1846188 on Fri Apr 14 20:52:08 MDT 2017
    ** Copyright 1986-2017 Xilinx, Inc. All Rights Reserved.

source bram_16x8.tcl -notrace
Starting RTL Elaboration : Time (s): cpu = 00:00:04 ; elapsed = 00:00:04 . Memory (MB): peak = 1185.863 ; gain = 70.004 ; free physical = 1207 ; free virtual = 22924
INFO: [Synth 8-638] synthesizing module 'bram_16x8' [/cime-fmr/rollandl-fmr/xilinx/pynk/emiss_recep_rs232_bram/vivado/project_2.srcs/sources_1/ip/bram_16x8/synth/bram_16x8.vhd:72]
INFO: [Synth 8-256] done synthesizing module 'bram_16x8' (9#1) [/cime-fmr/rollandl-fmr/xilinx/pynk/emiss_recep_rs232_bram/vivado/project_2.srcs/sources_1/ip/bram_16x8/synth/bram_16x8.vhd:72]
Finished RTL Elaboration : Time (s): cpu = 00:00:40 ; elapsed = 00:00:41 . Memory (MB): peak = 1390.258 ; gain = 274.398 ; free physical = 1188 ; free virtual = 22906
Finished RTL Optimization Phase 1 : Time (s): cpu = 00:00:40 ; elapsed = 00:00:42 . Memory (MB): peak = 1390.258 ; gain = 274.398 ; free physical = 1193 ; free virtual = 22911
INFO: [Device 21-403] Loading part xc7z020clg484-1
Constraint Validation Runtime : Time (s): cpu = 00:00:00.02 ; elapsed = 00:00:00.09 . Memory (MB): peak = 1520.641 ; gain = 1.000 ; free physical = 951 ; free virtual = 22669
Finished Constraint Validation : Time (s): cpu = 00:00:48 ; elapsed = 00:00:52 . Memory (MB): peak = 1520.641 ; gain = 404.781 ; free physical = 1030 ; free virtual = 22747
Finished Loading Part and Timing Information : Time (s): cpu = 00:00:48 ; elapsed = 00:00:52 . Memory (MB): peak = 1520.641 ; gain = 404.781 ; free physical = 1030 ; free virtual = 22747
Finished applying 'set_property' XDC Constraints : Time (s): cpu = 00:00:48 ; elapsed = 00:00:52 . Memory (MB): peak = 1520.641 ; gain = 404.781 ; free physical = 1031 ; free virtual = 22748
Finished RTL Optimization Phase 2 : Time (s): cpu = 00:00:48 ; elapsed = 00:00:53 . Memory (MB): peak = 1520.641 ; gain = 404.781 ; free physical = 1023 ; free virtual = 22740
Finished Cross Boundary and Area Optimization : Time (s): cpu = 00:00:48 ; elapsed = 00:00:53 . Memory (MB): peak = 1520.641 ; gain = 404.781 ; free physical = 1024 ; free virtual = 22742
Finished Applying XDC Timing Constraints : Time (s): cpu = 00:00:53 ; elapsed = 00:00:58 . Memory (MB): peak = 1555.641 ; gain = 439.781 ; free physical = 892 ; free virtual = 22610
Finished Timing Optimization : Time (s): cpu = 00:00:53 ; elapsed = 00:00:58 . Memory (MB): peak = 1555.641 ; gain = 439.781 ; free physical = 892 ; free virtual = 22610
Finished Technology Mapping : Time (s): cpu = 00:00:53 ; elapsed = 00:00:58 . Memory (MB): peak = 1564.656 ; gain = 448.797 ; free physical = 892 ; free virtual = 22609
Finished IO Insertion : Time (s): cpu = 00:00:54 ; elapsed = 00:00:58 . Memory (MB): peak = 1564.660 ; gain = 448.801 ; free physical = 892 ; free virtual = 22609
Finished Renaming Generated Instances : Time (s): cpu = 00:00:54 ; elapsed = 00:00:58 . Memory (MB): peak = 1564.660 ; gain = 448.801 ; free physical = 892 ; free virtual = 22609
Finished Rebuilding User Hierarchy : Time (s): cpu = 00:00:54 ; elapsed = 00:00:58 . Memory (MB): peak = 1564.660 ; gain = 448.801 ; free physical = 892 ; free virtual = 22609
Finished Renaming Generated Ports : Time (s): cpu = 00:00:54 ; elapsed = 00:00:58 . Memory (MB): peak = 1564.660 ; gain = 448.801 ; free physical = 892 ; free virtual = 22609
Finished Handling Custom Attributes : Time (s): cpu = 00:00:54 ; elapsed = 00:00:58 . Memory (MB): peak = 1564.660 ; gain = 448.801 ; free physical = 892 ; free virtual = 22609
Finished Renaming Generated Nets : Time (s): cpu = 00:00:54 ; elapsed = 00:00:58 . Memory (MB): peak = 1564.660 ; gain = 448.801 ; free physical = 892 ; free virtual = 22609

Report Cell Usage: 
+------+---------+------+
|      |Cell     |Count |
+------+---------+------+
|1     |RAMB18E1 |     1|
+------+---------+------+
Finished Writing Synthesis Report : Time (s): cpu = 00:00:54 ; elapsed = 00:00:58 . Memory (MB): peak = 1564.660 ; gain = 448.801 ; free physical = 892 ; free virtual = 22609
synth_design: Time (s): cpu = 00:00:55 ; elapsed = 00:00:59 . Memory (MB): peak = 1570.660 ; gain = 467.383 ; free physical = 917 ; free virtual = 22635
