
*** Running vivado
    with args -log bram_16x8.vds -m64 -product Vivado -mode batch -messageDb vivado.pb -notrace -source bram_16x8.tcl


****** Vivado v2017.1 (64-bit)
  **** SW Build 1846317 on Fri Apr 14 18:54:47 MDT 2017
  **** IP Build 1846188 on Fri Apr 14 20:52:08 MDT 2017
    ** Copyright 1986-2017 Xilinx, Inc. All Rights Reserved.

source bram_16x8.tcl -notrace
Starting RTL Elaboration : Time (s): cpu = 00:00:03 ; elapsed = 00:00:04 . Memory (MB): peak = 1185.863 ; gain = 70.004 ; free physical = 1269 ; free virtual = 22904
INFO: [Synth 8-638] synthesizing module 'bram_16x8' [/cime-fmr/rollandl-fmr/xilinx/pynk/emiss_recep_rs232_bram/vivado/project_2.srcs/sources_1/ip/bram_16x8/synth/bram_16x8.vhd:71]
INFO: [Synth 8-256] done synthesizing module 'bram_16x8' (9#1) [/cime-fmr/rollandl-fmr/xilinx/pynk/emiss_recep_rs232_bram/vivado/project_2.srcs/sources_1/ip/bram_16x8/synth/bram_16x8.vhd:71]
Finished RTL Elaboration : Time (s): cpu = 00:00:40 ; elapsed = 00:00:41 . Memory (MB): peak = 1390.258 ; gain = 274.398 ; free physical = 1257 ; free virtual = 22886
Finished RTL Optimization Phase 1 : Time (s): cpu = 00:00:40 ; elapsed = 00:00:42 . Memory (MB): peak = 1390.258 ; gain = 274.398 ; free physical = 1262 ; free virtual = 22892
INFO: [Device 21-403] Loading part xc7z020clg484-1
Constraint Validation Runtime : Time (s): cpu = 00:00:00.02 ; elapsed = 00:00:00.09 . Memory (MB): peak = 1520.641 ; gain = 1.000 ; free physical = 1022 ; free virtual = 22652
Finished Constraint Validation : Time (s): cpu = 00:00:48 ; elapsed = 00:00:53 . Memory (MB): peak = 1520.641 ; gain = 404.781 ; free physical = 1099 ; free virtual = 22728
Finished Loading Part and Timing Information : Time (s): cpu = 00:00:48 ; elapsed = 00:00:53 . Memory (MB): peak = 1520.641 ; gain = 404.781 ; free physical = 1099 ; free virtual = 22728
Finished applying 'set_property' XDC Constraints : Time (s): cpu = 00:00:48 ; elapsed = 00:00:53 . Memory (MB): peak = 1520.641 ; gain = 404.781 ; free physical = 1101 ; free virtual = 22730
Finished RTL Optimization Phase 2 : Time (s): cpu = 00:00:48 ; elapsed = 00:00:53 . Memory (MB): peak = 1520.641 ; gain = 404.781 ; free physical = 1092 ; free virtual = 22722
Finished Cross Boundary and Area Optimization : Time (s): cpu = 00:00:48 ; elapsed = 00:00:53 . Memory (MB): peak = 1520.641 ; gain = 404.781 ; free physical = 1094 ; free virtual = 22723
Finished Applying XDC Timing Constraints : Time (s): cpu = 00:00:53 ; elapsed = 00:00:58 . Memory (MB): peak = 1555.641 ; gain = 439.781 ; free physical = 966 ; free virtual = 22596
Finished Timing Optimization : Time (s): cpu = 00:00:53 ; elapsed = 00:00:58 . Memory (MB): peak = 1555.641 ; gain = 439.781 ; free physical = 966 ; free virtual = 22596
Finished Technology Mapping : Time (s): cpu = 00:00:53 ; elapsed = 00:00:58 . Memory (MB): peak = 1564.656 ; gain = 448.797 ; free physical = 965 ; free virtual = 22594
Finished IO Insertion : Time (s): cpu = 00:00:54 ; elapsed = 00:00:58 . Memory (MB): peak = 1564.660 ; gain = 448.801 ; free physical = 965 ; free virtual = 22594
Finished Renaming Generated Instances : Time (s): cpu = 00:00:54 ; elapsed = 00:00:58 . Memory (MB): peak = 1564.660 ; gain = 448.801 ; free physical = 965 ; free virtual = 22594
Finished Rebuilding User Hierarchy : Time (s): cpu = 00:00:54 ; elapsed = 00:00:58 . Memory (MB): peak = 1564.660 ; gain = 448.801 ; free physical = 965 ; free virtual = 22594
Finished Renaming Generated Ports : Time (s): cpu = 00:00:54 ; elapsed = 00:00:58 . Memory (MB): peak = 1564.660 ; gain = 448.801 ; free physical = 965 ; free virtual = 22594
Finished Handling Custom Attributes : Time (s): cpu = 00:00:54 ; elapsed = 00:00:58 . Memory (MB): peak = 1564.660 ; gain = 448.801 ; free physical = 965 ; free virtual = 22594
Finished Renaming Generated Nets : Time (s): cpu = 00:00:54 ; elapsed = 00:00:58 . Memory (MB): peak = 1564.660 ; gain = 448.801 ; free physical = 965 ; free virtual = 22594

Report Cell Usage: 
+------+---------+------+
|      |Cell     |Count |
+------+---------+------+
|1     |RAMB18E1 |     1|
+------+---------+------+
Finished Writing Synthesis Report : Time (s): cpu = 00:00:54 ; elapsed = 00:00:58 . Memory (MB): peak = 1564.660 ; gain = 448.801 ; free physical = 965 ; free virtual = 22594
synth_design: Time (s): cpu = 00:00:54 ; elapsed = 00:00:59 . Memory (MB): peak = 1570.660 ; gain = 467.383 ; free physical = 993 ; free virtual = 22622
