
*** Running vivado
    with args -log bram_16x8.vds -m64 -product Vivado -mode batch -messageDb vivado.pb -notrace -source bram_16x8.tcl


****** Vivado v2017.1 (64-bit)
  **** SW Build 1846317 on Fri Apr 14 18:54:47 MDT 2017
  **** IP Build 1846188 on Fri Apr 14 20:52:08 MDT 2017
    ** Copyright 1986-2017 Xilinx, Inc. All Rights Reserved.

source bram_16x8.tcl -notrace
Starting RTL Elaboration : Time (s): cpu = 00:00:04 ; elapsed = 00:00:04 . Memory (MB): peak = 1185.859 ; gain = 70.004 ; free physical = 1281 ; free virtual = 19588
INFO: [Synth 8-638] synthesizing module 'bram_16x8' [/cime-fmr/rollandl-fmr/xilinx/pynk/emiss_recep_rs232_bram/vivado/project_2.srcs/sources_1/ip/bram_16x8/synth/bram_16x8.vhd:71]
INFO: [Synth 8-256] done synthesizing module 'bram_16x8' (9#1) [/cime-fmr/rollandl-fmr/xilinx/pynk/emiss_recep_rs232_bram/vivado/project_2.srcs/sources_1/ip/bram_16x8/synth/bram_16x8.vhd:71]
Finished RTL Elaboration : Time (s): cpu = 00:00:41 ; elapsed = 00:00:42 . Memory (MB): peak = 1390.254 ; gain = 274.398 ; free physical = 1268 ; free virtual = 19574
Finished RTL Optimization Phase 1 : Time (s): cpu = 00:00:41 ; elapsed = 00:00:43 . Memory (MB): peak = 1390.254 ; gain = 274.398 ; free physical = 1246 ; free virtual = 19553
INFO: [Device 21-403] Loading part xc7z020clg484-1
Constraint Validation Runtime : Time (s): cpu = 00:00:00.02 ; elapsed = 00:00:00.09 . Memory (MB): peak = 1520.637 ; gain = 1.000 ; free physical = 1029 ; free virtual = 19336
Finished Constraint Validation : Time (s): cpu = 00:00:49 ; elapsed = 00:00:53 . Memory (MB): peak = 1520.637 ; gain = 404.781 ; free physical = 1106 ; free virtual = 19413
Finished Loading Part and Timing Information : Time (s): cpu = 00:00:49 ; elapsed = 00:00:53 . Memory (MB): peak = 1520.637 ; gain = 404.781 ; free physical = 1106 ; free virtual = 19413
Finished applying 'set_property' XDC Constraints : Time (s): cpu = 00:00:49 ; elapsed = 00:00:53 . Memory (MB): peak = 1520.637 ; gain = 404.781 ; free physical = 1108 ; free virtual = 19415
Finished RTL Optimization Phase 2 : Time (s): cpu = 00:00:49 ; elapsed = 00:00:54 . Memory (MB): peak = 1520.637 ; gain = 404.781 ; free physical = 1100 ; free virtual = 19407
Finished Cross Boundary and Area Optimization : Time (s): cpu = 00:00:49 ; elapsed = 00:00:54 . Memory (MB): peak = 1520.637 ; gain = 404.781 ; free physical = 1100 ; free virtual = 19407
Finished Applying XDC Timing Constraints : Time (s): cpu = 00:00:54 ; elapsed = 00:00:59 . Memory (MB): peak = 1555.637 ; gain = 439.781 ; free physical = 975 ; free virtual = 19281
Finished Timing Optimization : Time (s): cpu = 00:00:54 ; elapsed = 00:00:59 . Memory (MB): peak = 1555.637 ; gain = 439.781 ; free physical = 975 ; free virtual = 19281
Finished Technology Mapping : Time (s): cpu = 00:00:54 ; elapsed = 00:00:59 . Memory (MB): peak = 1565.652 ; gain = 449.797 ; free physical = 974 ; free virtual = 19280
Finished IO Insertion : Time (s): cpu = 00:00:55 ; elapsed = 00:00:59 . Memory (MB): peak = 1565.656 ; gain = 449.801 ; free physical = 974 ; free virtual = 19280
Finished Renaming Generated Instances : Time (s): cpu = 00:00:55 ; elapsed = 00:00:59 . Memory (MB): peak = 1565.656 ; gain = 449.801 ; free physical = 974 ; free virtual = 19280
Finished Rebuilding User Hierarchy : Time (s): cpu = 00:00:55 ; elapsed = 00:00:59 . Memory (MB): peak = 1565.656 ; gain = 449.801 ; free physical = 974 ; free virtual = 19280
Finished Renaming Generated Ports : Time (s): cpu = 00:00:55 ; elapsed = 00:00:59 . Memory (MB): peak = 1565.656 ; gain = 449.801 ; free physical = 974 ; free virtual = 19280
Finished Handling Custom Attributes : Time (s): cpu = 00:00:55 ; elapsed = 00:00:59 . Memory (MB): peak = 1565.656 ; gain = 449.801 ; free physical = 974 ; free virtual = 19280
Finished Renaming Generated Nets : Time (s): cpu = 00:00:55 ; elapsed = 00:00:59 . Memory (MB): peak = 1565.656 ; gain = 449.801 ; free physical = 974 ; free virtual = 19280

Report Cell Usage: 
+------+---------+------+
|      |Cell     |Count |
+------+---------+------+
|1     |RAMB18E1 |     1|
+------+---------+------+
Finished Writing Synthesis Report : Time (s): cpu = 00:00:55 ; elapsed = 00:00:59 . Memory (MB): peak = 1565.656 ; gain = 449.801 ; free physical = 974 ; free virtual = 19280
synth_design: Time (s): cpu = 00:00:55 ; elapsed = 00:01:00 . Memory (MB): peak = 1570.656 ; gain = 467.383 ; free physical = 1000 ; free virtual = 19307
