Flow report for emiss_rs232
Tue Mar 20 14:10:46 2018
Quartus II 32-bit Version 11.1 Build 259 01/25/2012 Service Pack 2 SJ Full Version


---------------------
; Table of Contents ;
---------------------
  1. Legal Notice
  2. Flow Summary
  3. Flow Settings
  4. Flow Non-Default Global Settings
  5. Flow Elapsed Time
  6. Flow OS Summary
  7. Flow Log



----------------
; Legal Notice ;
----------------
Copyright (C) 1991-2011 Altera Corporation
Your use of Altera Corporation's design tools, logic functions 
and other software and tools, and its AMPP partner logic 
functions, and any output files from any of the foregoing 
(including device programming or simulation files), and any 
associated documentation or information are expressly subject 
to the terms and conditions of the Altera Program License 
Subscription Agreement, Altera MegaCore Function License 
Agreement, or other applicable license agreement, including, 
without limitation, that your use is for the sole purpose of 
programming logic devices manufactured by Altera and sold by 
Altera or its authorized distributors.  Please refer to the 
applicable agreement for further details.



+-------------------------------------------------------------------------------------+
; Flow Summary                                                                        ;
+------------------------------------+------------------------------------------------+
; Flow Status                        ; Successful - Tue Mar 20 14:10:45 2018          ;
; Quartus II 32-bit Version          ; 11.1 Build 259 01/25/2012 SP 2 SJ Full Version ;
; Revision Name                      ; emiss_rs232                                    ;
; Top-level Entity Name              ; emiss_rs232                                    ;
; Family                             ; Cyclone II                                     ;
; Total logic elements               ; 143 / 4,608 ( 3 % )                            ;
;     Total combinational functions  ; 142 / 4,608 ( 3 % )                            ;
;     Dedicated logic registers      ; 84 / 4,608 ( 2 % )                             ;
; Total registers                    ; 84                                             ;
; Total pins                         ; 25 / 89 ( 28 % )                               ;
; Total virtual pins                 ; 0                                              ;
; Total memory bits                  ; 0 / 119,808 ( 0 % )                            ;
; Embedded Multiplier 9-bit elements ; 0 / 26 ( 0 % )                                 ;
; Total PLLs                         ; 0 / 2 ( 0 % )                                  ;
; Device                             ; EP2C5T144C6                                    ;
; Timing Models                      ; Final                                          ;
+------------------------------------+------------------------------------------------+


+-----------------------------------------+
; Flow Settings                           ;
+-------------------+---------------------+
; Option            ; Setting             ;
+-------------------+---------------------+
; Start date & time ; 03/20/2018 14:09:57 ;
; Main task         ; Compilation         ;
; Revision Name     ; emiss_rs232         ;
+-------------------+---------------------+


+----------------------------------------------------------------------------------------------------------------------+
; Flow Non-Default Global Settings                                                                                     ;
+-------------------------------------+---------------------------------+---------------+-------------+----------------+
; Assignment Name                     ; Value                           ; Default Value ; Entity Name ; Section Id     ;
+-------------------------------------+---------------------------------+---------------+-------------+----------------+
; COMPILER_SIGNATURE_ID               ; 247232629399136.152155139715342 ; --            ; --          ; --             ;
; EDA_OUTPUT_DATA_FORMAT              ; Vhdl                            ; --            ; --          ; eda_simulation ;
; EDA_SIMULATION_TOOL                 ; ModelSim-Altera (VHDL)          ; <None>        ; --          ; --             ;
; PARTITION_COLOR                     ; 16764057                        ; --            ; --          ; Top            ;
; PARTITION_FITTER_PRESERVATION_LEVEL ; PLACEMENT_AND_ROUTING           ; --            ; --          ; Top            ;
; PARTITION_NETLIST_TYPE              ; SOURCE                          ; --            ; --          ; Top            ;
+-------------------------------------+---------------------------------+---------------+-------------+----------------+


+-------------------------------------------------------------------------------------------------------------------------------+
; Flow Elapsed Time                                                                                                             ;
+---------------------------+--------------+-------------------------+---------------------+------------------------------------+
; Module Name               ; Elapsed Time ; Average Processors Used ; Peak Virtual Memory ; Total CPU Time (on all processors) ;
+---------------------------+--------------+-------------------------+---------------------+------------------------------------+
; Analysis & Synthesis      ; 00:00:05     ; 1.0                     ; --                  ; 00:00:02                           ;
; Fitter                    ; 00:00:03     ; 1.0                     ; --                  ; 00:00:03                           ;
; Assembler                 ; 00:00:02     ; 1.0                     ; --                  ; 00:00:01                           ;
; TimeQuest Timing Analyzer ; 00:00:04     ; 3.4                     ; --                  ; 00:00:01                           ;
; EDA Netlist Writer        ; 00:00:01     ; 1.0                     ; --                  ; 00:00:01                           ;
; EDA Netlist Writer        ; 00:00:00     ; 1.0                     ; --                  ; 00:00:01                           ;
; Total                     ; 00:00:15     ; --                      ; --                  ; 00:00:09                           ;
+---------------------------+--------------+-------------------------+---------------------+------------------------------------+


+---------------------------------------------------------------------------------------------+
; Flow OS Summary                                                                             ;
+---------------------------+------------------+----------------+------------+----------------+
; Module Name               ; Machine Hostname ; OS Name        ; OS Version ; Processor type ;
+---------------------------+------------------+----------------+------------+----------------+
; Analysis & Synthesis      ; cimepe36         ; CentOS release ; 7          ; x86_64         ;
; Fitter                    ; cimepe36         ; CentOS release ; 7          ; x86_64         ;
; Assembler                 ; cimepe36         ; CentOS release ; 7          ; x86_64         ;
; TimeQuest Timing Analyzer ; cimepe36         ; CentOS release ; 7          ; x86_64         ;
; EDA Netlist Writer        ; cimepe36         ; CentOS release ; 7          ; x86_64         ;
; EDA Netlist Writer        ; cimepe36         ; CentOS release ; 7          ; x86_64         ;
+---------------------------+------------------+----------------+------------+----------------+


------------
; Flow Log ;
------------
quartus_map --read_settings_files=on --write_settings_files=off emiss_rs232 -c emiss_rs232
quartus_fit --read_settings_files=off --write_settings_files=off emiss_rs232 -c emiss_rs232
quartus_asm --read_settings_files=off --write_settings_files=off emiss_rs232 -c emiss_rs232
quartus_sta emiss_rs232 -c emiss_rs232
quartus_eda --read_settings_files=off --write_settings_files=off emiss_rs232 -c emiss_rs232
quartus_eda --read_settings_files=on --write_settings_files=off emiss_rs232 -c emiss_rs232 --gen_testbench



